0 info it worked if it ends with ok
1 verbose cli [ '/usr/bin/nodejs', '/home/mgeweke/otto/bin/npm', 'start' ]
2 info using npm@3.10.8
3 info using node@v4.2.6
4 verbose stack Error: missing script: start
4 verbose stack     at run (/home/mgeweke/otto/tools/node_modules/npm/lib/run-script.js:151:19)
4 verbose stack     at /home/mgeweke/otto/tools/node_modules/npm/lib/run-script.js:61:5
4 verbose stack     at /home/mgeweke/otto/tools/node_modules/npm/node_modules/read-package-json/read-json.js:356:5
4 verbose stack     at checkBinReferences_ (/home/mgeweke/otto/tools/node_modules/npm/node_modules/read-package-json/read-json.js:320:45)
4 verbose stack     at final (/home/mgeweke/otto/tools/node_modules/npm/node_modules/read-package-json/read-json.js:354:3)
4 verbose stack     at then (/home/mgeweke/otto/tools/node_modules/npm/node_modules/read-package-json/read-json.js:124:5)
4 verbose stack     at /home/mgeweke/otto/tools/node_modules/npm/node_modules/read-package-json/read-json.js:311:12
4 verbose stack     at /home/mgeweke/otto/tools/node_modules/npm/node_modules/graceful-fs/graceful-fs.js:78:16
4 verbose stack     at FSReqWrap.readFileAfterClose [as oncomplete] (fs.js:380:3)
5 verbose cwd /home/mgeweke/otto/twisterfritten
6 error Linux 4.4.0-53-generic
7 error argv "/usr/bin/nodejs" "/home/mgeweke/otto/bin/npm" "start"
8 error node v4.2.6
9 error npm  v3.10.8
10 error missing script: start
11 error If you need help, you may report this error at:
11 error     <https://github.com/npm/npm/issues>
12 verbose exit [ 1, true ]
